0 info it worked if it ends with ok
1 verbose cli [ '/usr/local/bin/node', '/usr/local/bin/npm', 'run', 'test' ]
2 info using npm@2.15.5
3 info using node@v4.4.5
4 verbose config Skipping project config: /Users/konoff/.npmrc. (matches userconfig)
5 verbose stack Error: ENOENT: no such file or directory, open '/Users/konoff/package.json'
5 verbose stack     at Error (native)
6 verbose cwd /Users/konoff/Developer/Unity/Roll a Ball tut
7 error Darwin 16.6.0
8 error argv "/usr/local/bin/node" "/usr/local/bin/npm" "run" "test"
9 error node v4.4.5
10 error npm  v2.15.5
11 error path /Users/konoff/package.json
12 error code ENOENT
13 error errno -2
14 error syscall open
15 error enoent ENOENT: no such file or directory, open '/Users/konoff/package.json'
15 error enoent This is most likely not a problem with npm itself
15 error enoent and is related to npm not being able to find a file.
16 verbose exit [ -2, true ]
